\BOOKMARK [0][-]{chapter*.9}{\376\377\000I\000n\000t\000r\000o\000d\000u\000c\000t\000i\000o\000n\000\040\000g\000\351\000n\000\351\000r\000a\000l\000e}{}% 1
\BOOKMARK [0][-]{chapter.1}{\376\377\000C\000o\000n\000t\000e\000x\000t\000e\000\040\000d\000u\000\040\000P\000r\000o\000j\000e\000t}{}% 2
\BOOKMARK [1][-]{section.1.1}{\376\377\000I\000n\000t\000r\000o\000d\000u\000c\000t\000i\000o\000n}{chapter.1}% 3
\BOOKMARK [1][-]{section.1.2}{\376\377\000E\000n\000t\000r\000e\000p\000r\000i\000s\000e\000\040\000d\040\031\000a\000c\000c\000u\000e\000i\000l}{chapter.1}% 4
\BOOKMARK [2][-]{subsection.1.2.1}{\376\377\000D\000e\000s\000c\000r\000i\000p\000t\000i\000o\000n\000\040\000d\000e\000\040\000l\040\031\000e\000n\000t\000r\000e\000p\000r\000i\000s\000e}{section.1.2}% 5
\BOOKMARK [2][-]{subsection.1.2.2}{\376\377\000F\000i\000c\000h\000e\000\040\000t\000e\000c\000h\000n\000i\000q\000u\000e\000\040\000d\000e\000\040\000l\000'\000e\000n\000t\000r\000e\000p\000r\000i\000s\000e}{section.1.2}% 6
\BOOKMARK [2][-]{subsection.1.2.3}{\376\377\000O\000r\000g\000a\000n\000i\000g\000r\000a\000m\000m\000e\000\040\000d\000e\000\040\000l\040\031\000e\000n\000t\000r\000e\000p\000r\000i\000s\000e}{section.1.2}% 7
\BOOKMARK [1][-]{section.1.3}{\376\377\000D\000e\000s\000c\000r\000i\000p\000t\000i\000o\000n\000\040\000d\000e\000s\000\040\000b\000e\000s\000o\000i\000n\000s}{chapter.1}% 8
\BOOKMARK [2][-]{subsection.1.3.1}{\376\377\000P\000r\000o\000b\000l\000\350\000m\000e}{section.1.3}% 9
\BOOKMARK [2][-]{subsection.1.3.2}{\376\377\000L\000e\000s\000\040\000b\000e\000s\000o\000i\000n\000s\000\040\000f\000o\000n\000c\000t\000i\000o\000n\000n\000e\000l\000s}{section.1.3}% 10
\BOOKMARK [2][-]{subsection.1.3.3}{\376\377\000L\000e\000s\000\040\000b\000e\000s\000o\000i\000n\000s\000\040\000n\000o\000n\000\040\000f\000o\000n\000c\000t\000i\000o\000n\000n\000e\000l\000s}{section.1.3}% 11
\BOOKMARK [2][-]{subsection.1.3.4}{\376\377\000S\000o\000l\000u\000t\000i\000o\000n\000s\000\040\000e\000n\000v\000i\000s\000a\000g\000\351\000e\000s}{section.1.3}% 12
\BOOKMARK [1][-]{section.1.4}{\376\377\000C\000o\000n\000c\000l\000u\000s\000i\000o\000n}{chapter.1}% 13
\BOOKMARK [0][-]{chapter.2}{\376\377\000A\000n\000a\000l\000y\000s\000e\000\040\000f\000o\000n\000c\000t\000i\000o\000n\000n\000e\000l\000l\000e\000\040\000e\000t\000\040\000m\000o\000d\000\351\000l\000i\000s\000a\000t\000i\000o\000n}{}% 14
\BOOKMARK [1][-]{section.2.1}{\376\377\000I\000n\000t\000r\000o\000d\000u\000c\000t\000i\000o\000n}{chapter.2}% 15
\BOOKMARK [1][-]{section.2.2}{\376\377\000I\000m\000p\000o\000r\000t\000a\000n\000c\000e\000\040\000d\000e\000\040\000l\000'\000a\000n\000a\000l\000y\000s\000e\000\040\000f\000o\000n\000c\000t\000i\000o\000n\000n\000e\000l\000l\000e}{chapter.2}% 16
\BOOKMARK [1][-]{section.2.3}{\376\377\000U\000n\000i\000f\000i\000e\000d\000\040\000M\000o\000d\000e\000l\000i\000n\000g\000\040\000L\000a\000n\000g\000u\000a\000g\000e}{chapter.2}% 17
\BOOKMARK [1][-]{section.2.4}{\376\377\000A\000r\000c\000h\000i\000t\000e\000c\000t\000u\000r\000e\000\040\000h\000y\000b\000r\000i\000d\000e\000\040\000:\000\040\000L\000L\000M\000\040\000e\000t\000\040\000R\000A\000G}{chapter.2}% 18
\BOOKMARK [1][-]{section.2.5}{\376\377\000D\000i\000a\000g\000r\000a\000m\000m\000e\000\040\000d\000e\000\040\000c\000a\000s\000\040\000d\000'\000u\000t\000i\000l\000i\000s\000a\000t\000i\000o\000n}{chapter.2}% 19
\BOOKMARK [2][-]{subsection.2.5.1}{\376\377\000A\000c\000t\000e\000u\000r\000s}{section.2.5}% 20
\BOOKMARK [2][-]{subsection.2.5.2}{\376\377\000N\000o\000t\000r\000e\000\040\000d\000i\000a\000g\000r\000a\000m\000m\000e\000\040\000d\000e\000\040\000c\000a\000s\000\040\000d\000'\000u\000t\000i\000l\000i\000s\000a\000t\000i\000o\000n\000s}{section.2.5}% 21
\BOOKMARK [1][-]{section.2.6}{\376\377\000D\000e\000s\000c\000r\000i\000p\000t\000i\000o\000n\000\040\000t\000e\000x\000t\000u\000e\000l\000l\000e}{chapter.2}% 22
\BOOKMARK [1][-]{section.2.7}{\376\377\000D\000i\000a\000g\000r\000a\000m\000m\000e\000s\000\040\000d\000e\000\040\000s\000\351\000q\000u\000e\000n\000c\000e\000s}{chapter.2}% 23
\BOOKMARK [1][-]{section.2.8}{\376\377\000C\000o\000n\000c\000l\000u\000s\000i\000o\000n}{chapter.2}% 24
\BOOKMARK [0][-]{chapter.3}{\376\377\000R\000\351\000a\000l\000i\000s\000a\000t\000i\000o\000n}{}% 25
\BOOKMARK [1][-]{section.3.1}{\376\377\000I\000n\000t\000r\000o\000d\000u\000c\000t\000i\000o\000n}{chapter.3}% 26
\BOOKMARK [1][-]{section.3.2}{\376\377\000M\000\351\000t\000h\000o\000d\000e\000\040\000d\000e\000\040\000g\000e\000s\000t\000i\000o\000n\000\040\000a\000d\000o\000p\000t\000\351\000e\000\040\000:\000\040\000S\000C\000R\000U\000M}{chapter.3}% 27
\BOOKMARK [2][-]{subsection.3.2.1}{\376\377\000S\000c\000r\000u\000m\000\040\000\340\000\040\000l\000a\000\040\000t\000h\000\351\000o\000r\000i\000e}{section.3.2}% 28
\BOOKMARK [2][-]{subsection.3.2.2}{\376\377\000S\000c\000r\000u\000m\000\040\000\340\000\040\000l\000a\000\040\000p\000r\000a\000t\000i\000q\000u\000e}{section.3.2}% 29
\BOOKMARK [1][-]{section.3.3}{\376\377\000S\000t\000a\000c\000k\000\040\000t\000e\000c\000h\000n\000i\000q\000u\000e}{chapter.3}% 30
\BOOKMARK [2][-]{subsection.3.3.1}{\376\377\000L\000a\000n\000g\000a\000g\000e\000s}{section.3.3}% 31
\BOOKMARK [2][-]{subsection.3.3.2}{\376\377\000F\000r\000a\000m\000e\000w\000o\000r\000k\000s}{section.3.3}% 32
\BOOKMARK [2][-]{subsection.3.3.3}{\376\377\000B\000i\000b\000l\000i\000o\000t\000h\000\350\000q\000u\000e\000s}{section.3.3}% 33
\BOOKMARK [2][-]{subsection.3.3.4}{\376\377\000S\000y\000s\000t\000\350\000m\000e\000s\000\040\000d\000e\000\040\000g\000e\000s\000t\000i\000o\000n\000\040\000d\000e\000\040\000b\000a\000s\000e\000s\000\040\000d\000e\000\040\000d\000o\000n\000n\000\351\000e\000s}{section.3.3}% 34
\BOOKMARK [2][-]{subsection.3.3.5}{\376\377\000O\000u\000t\000i\000l\000s\000\040\000e\000t\000\040\000e\000n\000v\000i\000r\000o\000n\000n\000e\000m\000e\000n\000t}{section.3.3}% 35
\BOOKMARK [1][-]{section.3.4}{\376\377\000A\000r\000c\000h\000i\000t\000e\000c\000t\000u\000r\000e\000\040\000t\000e\000c\000h\000n\000i\000q\000u\000e\000\040\000d\000u\000\040\000p\000r\000o\000j\000e\000t}{chapter.3}% 36
\BOOKMARK [1][-]{section.3.5}{\376\377\000B\000o\000n\000n\000e\000s\000\040\000p\000r\000a\000t\000i\000q\000u\000e\000s\000\040\000a\000p\000p\000l\000i\000q\000u\000\351\000e\000s\000\040\000d\000u\000\040\000d\000\351\000v\000e\000l\000o\000p\000p\000e\000m\000e\000n\000t\000\040\000J\000a\000v\000a}{chapter.3}% 37
\BOOKMARK [2][-]{subsection.3.5.1}{\376\377\000L\000'\000i\000m\000p\000o\000r\000t\000a\000n\000c\000e\000\040\000d\000'\000u\000n\000e\000\040\000n\000o\000m\000e\000n\000c\000l\000a\000t\000u\000r\000e\000\040\000c\000l\000a\000i\000r\000e\000\040\000e\000t\000\040\000c\000o\000h\000\351\000r\000e\000n\000t\000e}{section.3.5}% 38
\BOOKMARK [2][-]{subsection.3.5.2}{\376\377\000U\000t\000i\000l\000i\000s\000a\000t\000i\000o\000n\000\040\000d\000e\000\040\000B\000i\000b\000l\000i\000o\000t\000h\000\350\000q\000u\000e\000s\000\040\000M\000a\000t\000u\000r\000e\000s\000\040\000:\000\040\000A\000p\000a\000c\000h\000e\000\040\000C\000o\000m\000m\000o\000n\000s}{section.3.5}% 39
\BOOKMARK [2][-]{subsection.3.5.3}{\376\377\000A\000p\000p\000r\000o\000c\000h\000e\000s\000\040\000d\000e\000\040\000p\000a\000r\000c\000o\000u\000r\000s\000\040\000d\000e\000\040\000c\000o\000l\000l\000e\000c\000t\000i\000o\000n\000s\000\040\000e\000n\000\040\000J\000a\000v\000a}{section.3.5}% 40
\BOOKMARK [2][-]{subsection.3.5.4}{\376\377\000I\000m\000p\000o\000r\000t\000a\000n\000c\000e\000\040\000d\000e\000\040\000l\000a\000\040\000f\000a\000c\000t\000o\000r\000i\000s\000a\000t\000i\000o\000n\000\040\000d\000u\000\040\000c\000o\000d\000e}{section.3.5}% 41
\BOOKMARK [2][-]{subsection.3.5.5}{\376\377\000U\000t\000i\000l\000i\000s\000a\000t\000i\000o\000n\000\040\000d\000'\000u\000n\000e\000\040\000c\000l\000a\000s\000s\000e\000\040\000d\000e\000\040\000c\000o\000n\000f\000i\000g\000u\000r\000a\000t\000i\000o\000n}{section.3.5}% 42
\BOOKMARK [1][-]{section.3.6}{\376\377\000C\000a\000p\000t\000u\000r\000e\000s\000\040\000d\000'\000\351\000c\000r\000a\000n}{chapter.3}% 43
\BOOKMARK [2][-]{subsection.3.6.1}{\376\377\000P\000r\000o\000t\000o\000t\000y\000p\000e\000\040\000e\000x\000p\000l\000o\000r\000a\000t\000o\000i\000r\000e}{section.3.6}% 44
\BOOKMARK [2][-]{subsection.3.6.2}{\376\377\000V\000e\000r\000s\000i\000o\000n\000\040\000l\000i\000v\000r\000a\000b\000l\000e\000\040\000a\000c\000t\000u\000e\000l\000l\000e}{section.3.6}% 45
\BOOKMARK [1][-]{section.3.7}{\376\377\000C\000o\000n\000c\000l\000u\000s\000i\000o\000n}{chapter.3}% 46
\BOOKMARK [0][-]{chapter.4}{\376\377\000A\000c\000q\000u\000i\000s\000\040\000d\000u\000\040\000P\000r\000o\000j\000e\000t\000\040\000d\000e\000\040\000F\000i\000n\000\040\000d\000'\000\311\000t\000u\000d\000e\000s}{}% 47
\BOOKMARK [1][-]{section.4.1}{\376\377\000V\000o\000l\000e\000t\000\040\000t\000e\000c\000h\000n\000i\000q\000u\000e}{chapter.4}% 48
\BOOKMARK [1][-]{section.4.2}{\376\377\000V\000o\000l\000e\000t\000\040\000g\000e\000s\000t\000i\000o\000n\000\040\000d\000e\000\040\000p\000r\000o\000j\000e\000t}{chapter.4}% 49
\BOOKMARK [0][-]{chapter*.10}{\376\377\000C\000o\000n\000c\000l\000u\000s\000i\000o\000n\000\040\000g\000\351\000n\000\351\000r\000a\000l\000e}{}% 50
\BOOKMARK [1][-]{section*.11}{\376\377\000R\000\351\000c\000a\000p\000i\000t\000u\000l\000a\000t\000i\000o\000n\000\040\000l\000e\000s\000\040\000a\000p\000p\000o\000r\000t\000s\000\040\000d\000u\000\040\000t\000r\000a\000v\000a\000i\000l}{chapter*.10}% 51
\BOOKMARK [1][-]{section*.11}{\376\377\000E\000v\000a\000l\000u\000a\000t\000i\000o\000n\000\040\000d\000e\000s\000\040\000o\000b\000j\000e\000c\000t\000i\000f\000s}{chapter*.10}% 52
\BOOKMARK [2][-]{section*.12}{\376\377\000M\000\351\000t\000h\000o\000d\000o\000l\000o\000g\000i\000e\000\040\000d\000'\000\311\000v\000a\000l\000u\000a\000t\000i\000o\000n}{section*.11}% 53
\BOOKMARK [2][-]{section*.12}{\376\377\000R\000\351\000s\000u\000l\000t\000a\000t\000s\000\040\000o\000b\000t\000e\000n\000u\000s}{section*.11}% 54
\BOOKMARK [1][-]{section*.12}{\376\377\000P\000e\000r\000s\000p\000e\000c\000t\000i\000v\000e\000s}{chapter*.10}% 55
\BOOKMARK [0][-]{chapter*.13}{\376\377\000B\000i\000b\000l\000i\000o\000g\000r\000a\000p\000h\000i\000e}{}% 56
