This is pdfTeX, Version 3.141592653-2.6-1.40.27 (MiKTeX 25.4) (preloaded format=pdflatex 2025.6.10)  24 JUN 2025 13:52
entering extended mode
 restricted \write18 enabled.
 %&-line parsing enabled.
**"./rapport provisoire.tex"
(rapport provisoire.tex
LaTeX2e <2025-06-01>
L3 programming layer <2025-05-26>

(C:\Users\Electro_Laaroussi\AppData\Local\Programs\MiKTeX\tex/latex/base\report
.cls
Document Class: report 2025/01/22 v1.4n Standard LaTeX document class

(C:\Users\Electro_Laaroussi\AppData\Local\Programs\MiKTeX\tex/latex/base\size12
.clo
File: size12.clo 2025/01/22 v1.4n Standard LaTeX file (size option)
)
\c@part=\count275
\c@chapter=\count276
\c@section=\count277
\c@subsection=\count278
\c@subsubsection=\count279
\c@paragraph=\count280
\c@subparagraph=\count281
\c@figure=\count282
\c@table=\count283
\abovecaptionskip=\skip49
\belowcaptionskip=\skip50
\bibindent=\dimen148
)
(C:\Users\Electro_Laaroussi\AppData\Local\Programs\MiKTeX\tex/latex/base\inpute
nc.sty
Package: inputenc 2024/02/08 v1.3d Input encoding file
\inpenc@prehook=\toks17
\inpenc@posthook=\toks18
)
(C:\Users\Electro_Laaroussi\AppData\Local\Programs\MiKTeX\tex/latex/base\fonten
c.sty
Package: fontenc 2024/12/21 v2.1c Standard LaTeX package
)
(C:\Users\Electro_Laaroussi\AppData\Local\Programs\MiKTeX\tex/generic/babel\bab
el.sty
Package: babel 2025/05/14 v25.9 The multilingual framework for pdfLaTeX, LuaLaT
eX and XeLaTeX
\babel@savecnt=\count284
LaTeX Encoding Info:    Redeclaring text command \ij (encoding OT1) on input li
ne 2043.
LaTeX Encoding Info:    Redeclaring text command \IJ (encoding OT1) on input li
ne 2045.
LaTeX Encoding Info:    Redeclaring text command \ij (encoding T1) on input lin
e 2047.
LaTeX Encoding Info:    Redeclaring text command \IJ (encoding T1) on input lin
e 2048.
LaTeX Encoding Info:    Ignoring declaration for text command \ij (encoding ?) 
on input line 2049.
LaTeX Encoding Info:    Ignoring declaration for text command \IJ (encoding ?) 
on input line 2051.
LaTeX Encoding Info:    Ignoring declaration for text command \SS (encoding ?) 
on input line 2076.
\U@D=\dimen149
\l@unhyphenated=\language79

(C:\Users\Electro_Laaroussi\AppData\Local\Programs\MiKTeX\tex/generic/babel\txt
babel.def)
\bbl@readstream=\read2
\bbl@dirlevel=\count285

*************************************
* Local config file bblopts.cfg used
*

(C:\Users\Electro_Laaroussi\AppData\Local\Programs\MiKTeX\tex/latex/arabi\bblop
ts.cfg
File: bblopts.cfg 2005/09/08 v0.1 add Arabic and Farsi to "declared" options of
 babel
)
(C:\Users\Electro_Laaroussi\AppData\Local\Programs\MiKTeX\tex/generic/babel-fre
nch\french.ldf
Language: french 2024-07-25 v3.6c French support from the babel system

(C:\Users\Electro_Laaroussi\AppData\Local\Programs\MiKTeX\tex/generic/babel/loc
ale/fr\babel-french.tex
Package babel Info: Importing font and identification data for french
(babel)             from babel-fr.ini. Reported on input line 11.
)
Package babel Info: Hyphen rules for 'acadian' set to \l@french
(babel)             (\language22). Reported on input line 91.
Package babel Info: Hyphen rules for 'canadien' set to \l@french
(babel)             (\language22). Reported on input line 92.
\FB@stdchar=\count286
Package babel Info: Making : an active character on input line 421.
Package babel Info: Making ; an active character on input line 422.
Package babel Info: Making ! an active character on input line 423.
Package babel Info: Making ? an active character on input line 424.
\FBguill@level=\count287
\FBold@everypar=\toks19
\FB@Mht=\dimen150
\mc@charclass=\count288
\mc@charfam=\count289
\mc@charslot=\count290
\std@mcc=\count291
\dec@mcc=\count292
\FB@parskip=\dimen151
\listindentFB=\dimen152
\descindentFB=\dimen153
\labelindentFB=\dimen154
\labelwidthFB=\dimen155
\leftmarginFB=\dimen156
\parindentFFN=\dimen157
\FBfnindent=\dimen158
))
(C:\Users\Electro_Laaroussi\AppData\Local\Programs\MiKTeX\tex/latex/carlisle\sc
alefnt.sty)
(C:\Users\Electro_Laaroussi\AppData\Local\Programs\MiKTeX\tex/latex/graphics\gr
aphicx.sty
Package: graphicx 2024/12/31 v1.2e Enhanced LaTeX Graphics (DPC,SPQR)

(C:\Users\Electro_Laaroussi\AppData\Local\Programs\MiKTeX\tex/latex/graphics\ke
yval.sty
Package: keyval 2022/05/29 v1.15 key=value parser (DPC)
\KV@toks@=\toks20
)
(C:\Users\Electro_Laaroussi\AppData\Local\Programs\MiKTeX\tex/latex/graphics\gr
aphics.sty
Package: graphics 2024/08/06 v1.4g Standard LaTeX Graphics (DPC,SPQR)

(C:\Users\Electro_Laaroussi\AppData\Local\Programs\MiKTeX\tex/latex/graphics\tr
ig.sty
Package: trig 2023/12/02 v1.11 sin cos tan (DPC)
)
(C:\Users\Electro_Laaroussi\AppData\Local\Programs\MiKTeX\tex/latex/graphics-cf
g\graphics.cfg
File: graphics.cfg 2016/06/04 v1.11 sample graphics configuration
)
Package graphics Info: Driver file: pdftex.def on input line 106.

(C:\Users\Electro_Laaroussi\AppData\Local\Programs\MiKTeX\tex/latex/graphics-de
f\pdftex.def
File: pdftex.def 2024/04/13 v1.2c Graphics/color driver for pdftex
))
\Gin@req@height=\dimen159
\Gin@req@width=\dimen160
)
(C:\Users\Electro_Laaroussi\AppData\Local\Programs\MiKTeX\tex/latex/geometry\ge
ometry.sty
Package: geometry 2020/01/02 v5.9 Page Geometry

(C:\Users\Electro_Laaroussi\AppData\Local\Programs\MiKTeX\tex/generic/iftex\ifv
tex.sty
Package: ifvtex 2019/10/25 v1.7 ifvtex legacy package. Use iftex instead.

(C:\Users\Electro_Laaroussi\AppData\Local\Programs\MiKTeX\tex/generic/iftex\ift
ex.sty
Package: iftex 2024/12/12 v1.0g TeX engine tests
))
\Gm@cnth=\count293
\Gm@cntv=\count294
\c@Gm@tempcnt=\count295
\Gm@bindingoffset=\dimen161
\Gm@wd@mp=\dimen162
\Gm@odd@mp=\dimen163
\Gm@even@mp=\dimen164
\Gm@layoutwidth=\dimen165
\Gm@layoutheight=\dimen166
\Gm@layouthoffset=\dimen167
\Gm@layoutvoffset=\dimen168
\Gm@dimlist=\toks21

(C:\Users\Electro_Laaroussi\AppData\Local\Programs\MiKTeX\tex/latex/geometry\ge
ometry.cfg))
(C:\Users\Electro_Laaroussi\AppData\Local\Programs\MiKTeX\tex/latex/setspace\se
tspace.sty
Package: setspace 2022/12/04 v6.7b set line spacing
)
(C:\Users\Electro_Laaroussi\AppData\Local\Programs\MiKTeX\tex/latex/hyperref\hy
perref.sty
Package: hyperref 2025-05-20 v7.01m Hypertext links for LaTeX

(C:\Users\Electro_Laaroussi\AppData\Local\Programs\MiKTeX\tex/latex/kvsetkeys\k
vsetkeys.sty
Package: kvsetkeys 2022-10-05 v1.19 Key value parser (HO)
)
(C:\Users\Electro_Laaroussi\AppData\Local\Programs\MiKTeX\tex/generic/kvdefinek
eys\kvdefinekeys.sty
Package: kvdefinekeys 2019-12-19 v1.6 Define keys (HO)
)
(C:\Users\Electro_Laaroussi\AppData\Local\Programs\MiKTeX\tex/generic/pdfescape
\pdfescape.sty
Package: pdfescape 2019/12/09 v1.15 Implements pdfTeX's escape features (HO)

(C:\Users\Electro_Laaroussi\AppData\Local\Programs\MiKTeX\tex/generic/ltxcmds\l
txcmds.sty
Package: ltxcmds 2023-12-04 v1.26 LaTeX kernel commands for general use (HO)
)
(C:\Users\Electro_Laaroussi\AppData\Local\Programs\MiKTeX\tex/generic/pdftexcmd
s\pdftexcmds.sty
Package: pdftexcmds 2020-06-27 v0.33 Utility functions of pdfTeX for LuaTeX (HO
)

(C:\Users\Electro_Laaroussi\AppData\Local\Programs\MiKTeX\tex/generic/infwarerr
\infwarerr.sty
Package: infwarerr 2019/12/03 v1.5 Providing info/warning/error messages (HO)
)
Package pdftexcmds Info: \pdf@primitive is available.
Package pdftexcmds Info: \pdf@ifprimitive is available.
Package pdftexcmds Info: \pdfdraftmode found.
))
(C:\Users\Electro_Laaroussi\AppData\Local\Programs\MiKTeX\tex/latex/hycolor\hyc
olor.sty
Package: hycolor 2020-01-27 v1.10 Color options for hyperref/bookmark (HO)
)
(C:\Users\Electro_Laaroussi\AppData\Local\Programs\MiKTeX\tex/latex/hyperref\na
meref.sty
Package: nameref 2023-11-26 v2.56 Cross-referencing by name of section

(C:\Users\Electro_Laaroussi\AppData\Local\Programs\MiKTeX\tex/latex/refcount\re
fcount.sty
Package: refcount 2019/12/15 v3.6 Data extraction from label references (HO)
)
(C:\Users\Electro_Laaroussi\AppData\Local\Programs\MiKTeX\tex/generic/gettitles
tring\gettitlestring.sty
Package: gettitlestring 2019/12/15 v1.6 Cleanup title references (HO)

(C:\Users\Electro_Laaroussi\AppData\Local\Programs\MiKTeX\tex/latex/kvoptions\k
voptions.sty
Package: kvoptions 2022-06-15 v3.15 Key value format for package options (HO)
))
\c@section@level=\count296
)
(C:\Users\Electro_Laaroussi\AppData\Local\Programs\MiKTeX\tex/latex/etoolbox\et
oolbox.sty
Package: etoolbox 2025/02/11 v2.5l e-TeX tools for LaTeX (JAW)
\etb@tempcnta=\count297
)
(C:\Users\Electro_Laaroussi\AppData\Local\Programs\MiKTeX\tex/generic/stringenc
\stringenc.sty
Package: stringenc 2019/11/29 v1.12 Convert strings between diff. encodings (HO
)
)
\@linkdim=\dimen169
\Hy@linkcounter=\count298
\Hy@pagecounter=\count299

(C:\Users\Electro_Laaroussi\AppData\Local\Programs\MiKTeX\tex/latex/hyperref\pd
1enc.def
File: pd1enc.def 2025-05-20 v7.01m Hyperref: PDFDocEncoding definition (HO)
Now handling font encoding PD1 ...
... no UTF-8 mapping file for font encoding PD1
)
(C:\Users\Electro_Laaroussi\AppData\Local\Programs\MiKTeX\tex/generic/intcalc\i
ntcalc.sty
Package: intcalc 2019/12/15 v1.3 Expandable calculations with integers (HO)
)
\Hy@SavedSpaceFactor=\count300

(C:\Users\Electro_Laaroussi\AppData\Local\Programs\MiKTeX\tex/latex/hyperref\pu
enc.def
File: puenc.def 2025-05-20 v7.01m Hyperref: PDF Unicode definition (HO)
Now handling font encoding PU ...
... no UTF-8 mapping file for font encoding PU
)
Package hyperref Info: Hyper figures OFF on input line 4157.
Package hyperref Info: Link nesting OFF on input line 4162.
Package hyperref Info: Hyper index ON on input line 4165.
Package hyperref Info: Plain pages OFF on input line 4172.
Package hyperref Info: Backreferencing OFF on input line 4177.
Package hyperref Info: Implicit mode ON; LaTeX internals redefined.
Package hyperref Info: Bookmarks ON on input line 4424.
\c@Hy@tempcnt=\count301

(C:\Users\Electro_Laaroussi\AppData\Local\Programs\MiKTeX\tex/latex/url\url.sty
\Urlmuskip=\muskip17
Package: url 2013/09/16  ver 3.4  Verb mode for urls, etc.
)
LaTeX Info: Redefining \url on input line 4763.
\XeTeXLinkMargin=\dimen170

(C:\Users\Electro_Laaroussi\AppData\Local\Programs\MiKTeX\tex/generic/bitset\bi
tset.sty
Package: bitset 2019/12/09 v1.3 Handle bit-vector datatype (HO)

(C:\Users\Electro_Laaroussi\AppData\Local\Programs\MiKTeX\tex/generic/bigintcal
c\bigintcalc.sty
Package: bigintcalc 2019/12/15 v1.5 Expandable calculations on big integers (HO
)
))
\Fld@menulength=\count302
\Field@Width=\dimen171
\Fld@charsize=\dimen172
Package hyperref Info: Hyper figures OFF on input line 6042.
Package hyperref Info: Link nesting OFF on input line 6047.
Package hyperref Info: Hyper index ON on input line 6050.
Package hyperref Info: backreferencing OFF on input line 6057.
Package hyperref Info: Link coloring OFF on input line 6062.
Package hyperref Info: Link coloring with OCG OFF on input line 6067.
Package hyperref Info: PDF/A mode OFF on input line 6072.

(C:\Users\Electro_Laaroussi\AppData\Local\Programs\MiKTeX\tex/latex/base\atbegs
hi-ltx.sty
Package: atbegshi-ltx 2021/01/10 v1.0c Emulation of the original atbegshi
package with kernel methods
)
\Hy@abspage=\count303
\c@Item=\count304
\c@Hfootnote=\count305
)
Package hyperref Info: Driver (autodetected): hpdftex.

(C:\Users\Electro_Laaroussi\AppData\Local\Programs\MiKTeX\tex/latex/hyperref\hp
dftex.def
File: hpdftex.def 2025-05-20 v7.01m Hyperref driver for pdfTeX
\Fld@listcount=\count306
\c@bookmark@seq@number=\count307

(C:\Users\Electro_Laaroussi\AppData\Local\Programs\MiKTeX\tex/latex/rerunfilech
eck\rerunfilecheck.sty
Package: rerunfilecheck 2022-07-10 v1.10 Rerun checks for auxiliary files (HO)

(C:\Users\Electro_Laaroussi\AppData\Local\Programs\MiKTeX\tex/latex/base\atvery
end-ltx.sty
Package: atveryend-ltx 2020/08/19 v1.0a Emulation of the original atveryend pac
kage
with kernel methods
)
(C:\Users\Electro_Laaroussi\AppData\Local\Programs\MiKTeX\tex/generic/uniquecou
nter\uniquecounter.sty
Package: uniquecounter 2019/12/15 v1.4 Provide unlimited unique counter (HO)
)
Package uniquecounter Info: New unique counter `rerunfilecheck' on input line 2
85.
)
\Hy@SectionHShift=\skip51
)
(C:\Users\Electro_Laaroussi\AppData\Local\Programs\MiKTeX\tex/latex/titlesec\ti
tlesec.sty
Package: titlesec 2025/01/04 v2.17 Sectioning titles
\ttl@box=\box53
\beforetitleunit=\skip52
\aftertitleunit=\skip53
\ttl@plus=\dimen173
\ttl@minus=\dimen174
\ttl@toksa=\toks22
\titlewidth=\dimen175
\titlewidthlast=\dimen176
\titlewidthfirst=\dimen177
)
(C:\Users\Electro_Laaroussi\AppData\Local\Programs\MiKTeX\tex/latex/xcolor\xcol
or.sty
Package: xcolor 2024/09/29 v3.02 LaTeX color extensions (UK)

(C:\Users\Electro_Laaroussi\AppData\Local\Programs\MiKTeX\tex/latex/graphics-cf
g\color.cfg
File: color.cfg 2016/01/02 v1.6 sample color configuration
)
Package xcolor Info: Driver file: pdftex.def on input line 274.

(C:\Users\Electro_Laaroussi\AppData\Local\Programs\MiKTeX\tex/latex/graphics\ma
thcolor.ltx)
Package xcolor Info: Model `cmy' substituted by `cmy0' on input line 1349.
Package xcolor Info: Model `hsb' substituted by `rgb' on input line 1353.
Package xcolor Info: Model `RGB' extended on input line 1365.
Package xcolor Info: Model `HTML' substituted by `rgb' on input line 1367.
Package xcolor Info: Model `Hsb' substituted by `hsb' on input line 1368.
Package xcolor Info: Model `tHsb' substituted by `hsb' on input line 1369.
Package xcolor Info: Model `HSB' substituted by `hsb' on input line 1370.
Package xcolor Info: Model `Gray' substituted by `gray' on input line 1371.
Package xcolor Info: Model `wave' substituted by `hsb' on input line 1372.
)
(C:\Users\Electro_Laaroussi\AppData\Local\Programs\MiKTeX\tex/latex/tools\array
.sty
Package: array 2025/05/19 v2.6i Tabular extension package (FMi)
\col@sep=\dimen178
\ar@mcellbox=\box54
\extrarowheight=\dimen179
\NC@list=\toks23
\extratabsurround=\skip54
\backup@length=\skip55
\ar@cellbox=\box55
)
(C:\Users\Electro_Laaroussi\AppData\Local\Programs\MiKTeX\tex/latex/hyphenat\hy
phenat.sty
Package: hyphenat 2009/09/02 v2.3c hyphenation utilities
\langwohyphens=\language80
LaTeX Info: Redefining \_ on input line 43.
)
(C:\Users\Electro_Laaroussi\AppData\Local\Programs\MiKTeX\tex/latex/float\float
.sty
Package: float 2001/11/08 v1.3d Float enhancements (AL)
\c@float@type=\count308
\float@exts=\toks24
\float@box=\box56
\@float@everytoks=\toks25
\@floatcapt=\box57
)
(C:\Users\Electro_Laaroussi\AppData\Local\Programs\MiKTeX\tex/latex/makecell\ma
kecell.sty
Package: makecell 2009/08/03 V0.1e Managing of Tab Column Heads and Cells
\rotheadsize=\dimen180
\c@nlinenum=\count309
\TeXr@lab=\toks26
)
(C:\Users\Electro_Laaroussi\AppData\Local\Programs\MiKTeX\tex/latex/l3backend\l
3backend-pdftex.def
File: l3backend-pdftex.def 2025-04-14 L3 backend support: PDF output (pdfTeX)
\l__color_backend_stack_int=\count310
) (rapport provisoire.aux
Package babel Info: 'french' activates 'french' shorthands.
(babel)             Reported  on input line 11.


! LaTeX Error: Missing \begin{document}.

See the LaTeX manual or LaTeX Companion for explanation.
Type  H <return>  for immediate help.
 ...                                              
                                                  
l.115 ...ed@e {\reserved@f \relax }\nobreak  \hfil
                                                   \break  {\catcode `\ \act...

You're in trouble here.  Try typing  <return>  to proceed.
If that doesn't work, type  X <return>  to quit.

\GenericInfo \GenericInfo \GenericInfo \GenericInfo \GenericInfo \GenericInfo \
GenericInfo \GenericInfo \GenericInfo \GenericInfo \GenericInfo \GenericInfo  o
n input line 115.
n on input line 115.
c on input line 115.
p on input line 115.
h on input line 115.
o on input line 115.
h on input line 115.
u on input line 115.
o on input line 115.
s on input line 115.
c on input line 115.
\GenericInfo  on input line 115.
a on input line 115.
e on input line 115.
\GenericInfo  on input line 115.
n on input line 115.
\GenericInfo  on input line 115.
i on input line 115.
o on input line 115.
r on input line 115.
s on input line 115.
! Argument of \GenericInfo  has an extra }.
<inserted text> 
                \par 
l.115 ...bug in a package file you are using\par }
                                                   \unhbox \voidb@x \nobreak...
I've run across a `}' that doesn't seem to match anything.
For example, `\def\a#1{...}' and `\a}' would produce
this error. If you simply proceed now, the `\par' that
I've just inserted will cause me to report a runaway
argument that might be the root of the problem. But if
your `}' was spurious, just type `2' and it will go away.

Runaway argument?
! Paragraph ended before \GenericInfo  was complete.
<to be read again> 
                   \par 
l.115 ...bug in a package file you are using\par }
                                                   \unhbox \voidb@x \nobreak...
I suspect you've forgotten a `}', causing me to apply this
control sequence to too much text. How can we recover?
My plan is to forget the whole thing and hope for the best.

\GenericInfo  on input line 115.

! LaTeX Error: Missing \begin{document}.

See the LaTeX manual or LaTeX Companion for explanation.
Type  H <return>  for immediate help.
 ...                                              
                                                  
l.115 ...file you are using\par } \unhbox \voidb@x
                                                   \nobreak  \ \catcode `\ \...

You're in trouble here.  Try typing  <return>  to proceed.
If that doesn't work, type  X <return>  to quit.

\GenericInfo  on input line 115.
\catcode  on input line 115.
\  on input line 115.
\GenericInfo  on input line 115.
\GenericInfo  on input line 115.
\GenericInfo  on input line 115.
\frenchspacing  on input line 115.
\par  on input line 115.
! Argument of \GenericInfo  has an extra }.
<inserted text> 
                \par 
l.115 ...oidb@x \nobreak  \ \frenchspacing  \par }
                                                  \futurelet \relax \unhbox ...
I've run across a `}' that doesn't seem to match anything.
For example, `\def\a#1{...}' and `\a}' would produce
this error. If you simply proceed now, the `\par' that
I've just inserted will cause me to report a runaway
argument that might be the root of the problem. But if
your `}' was spurious, just type `2' and it will go away.

Runaway argument?
! Paragraph ended before \GenericInfo  was complete.
<to be read again> 
                   \par 
l.115 ...oidb@x \nobreak  \ \frenchspacing  \par }
                                                  \futurelet \relax \unhbox ...
I suspect you've forgotten a `}', causing me to apply this
control sequence to too much text. How can we recover?
My plan is to forget the whole thing and hope for the best.


! LaTeX Error: Missing \begin{document}.

See the LaTeX manual or LaTeX Companion for explanation.
Type  H <return>  for immediate help.
 ...                                              
                                                  
l.115 ... \par }\futurelet \relax \unhbox \voidb@x
                                                   \hbox {}\bgroup \obeyline...

You're in trouble here.  Try typing  <return>  to proceed.
If that doesn't work, type  X <return>  to quit.


! LaTeX Error: Missing \begin{document}.

See the LaTeX manual or LaTeX Companion for explanation.
Type  H <return>  for immediate help.
 ...                                              
                                                  
l.115 ...egroup \GenericError  {               }{L
                                                  aTeX Error: \verb ended by...

You're in trouble here.  Try typing  <return>  to proceed.
If that doesn't work, type  X <return>  to quit.


! TeX capacity exceeded, sorry [input stack size=10000].
 ->\errmessage   
                 .

b
Type  H <return>  for immediate help\@err@            ...
l.115 ...            }{LaTeX Error: \verb ended by
                                                   end of line}{See the LaTe...
If you really absolutely need more capacity,
you can ask a wizard to enlarge me.

 
Here is how much of TeX's memory you used:
 11789 strings out of 468225
 191171 string characters out of 5427165
 631621 words of memory out of 5000000
 40208 multiletter control sequences out of 15000+600000
 627887 words of font info for 42 fonts, out of 8000000 for 9000
 1141 hyphenation exceptions out of 8191
 10000i,1n,79p,7234b,428s stack positions out of 10000i,1000n,20000p,200000b,200000s
!  ==> Fatal error occurred, no output PDF file produced!
